<?xml version="1.0" encoding="UTF-8"?>
<testng-results ignored="0" total="1" passed="1" failed="0" skipped="0">
  <reporter-output>
  </reporter-output>
  <suite started-at="2021-11-23T09:40:20Z" name="Default suite" finished-at="2021-11-23T09:40:56Z" duration-ms="35824">
    <groups>
    </groups>
    <test started-at="2021-11-23T09:40:20Z" name="Default test" finished-at="2021-11-23T09:40:56Z" duration-ms="35824">
      <class name="Demo.Test.AppTest">
        <test-method signature="test()[pri:0, instance:Demo.Test.AppTest@3cfdd820]" started-at="2021-11-23T15:10:20Z" name="test" finished-at="2021-11-23T15:10:56Z" duration-ms="35798" status="PASS">
          <reporter-output>
          </reporter-output>
        </test-method> <!-- test -->
      </class> <!-- Demo.Test.AppTest -->
    </test> <!-- Default test -->
  </suite> <!-- Default suite -->
</testng-results>
