<?xml version="1.0" encoding="UTF-8"?>
<!-- Generated by org.testng.reporters.JUnitXMLReporter -->
<testsuite ignored="0" hostname="NTS-SuwarnaJ" failures="0" tests="1" name="Test" time="0.108" errors="0" timestamp="12 Nov 2021 08:13:04 GMT">
  <testcase classname="Demo.Test.AppTest" name="@BeforeTest report_generation" time="0.0">
    <failure type="java.lang.NullPointerException">
      <![CDATA[java.lang.NullPointerException
	at Demo.Test.AppTest.report_generation(AppTest.java:25)
... Removed 23 stack frames]]>
    </failure>
  </testcase> <!-- @BeforeTest report_generation -->
  <testcase classname="Demo.Test.AppTest" name="test" time="0.003">
    <skipped/>
  </testcase> <!-- test -->
</testsuite> <!-- Test -->
